<?xml version="1.0" encoding="UTF-8"?>
<!-- Generated by org.testng.reporters.JUnitReportReporter -->
<testsuite skipped="0" hostname="LAPTOP-1OB50890" name="com.actitime.base.DriverScript" tests="1" failures="0" timestamp="2021-07-15T17:09:44 EDT" time="3.520" errors="0">
  <testcase name="initdriver" time="3.520" classname="com.actitime.base.DriverScript"/>
  <system-out/>
</testsuite> <!-- com.actitime.base.DriverScript -->
