<?xml version="1.0" encoding="UTF-8"?>
<!-- Generated by org.testng.reporters.JUnitReportReporter -->
<testsuite skipped="0" hostname="LAPTOP-1OB50890" name="com.actitime.testcase.DeleteCustomerTest" tests="1" failures="0" timestamp="2021-07-16T10:53:38 EDT" time="11.993" errors="0">
  <testcase name="testDeleteCustomer" time="11.993" classname="com.actitime.testcase.DeleteCustomerTest"/>
  <system-out/>
</testsuite> <!-- com.actitime.testcase.DeleteCustomerTest -->
